<?xml version="1.0" encoding="UTF-8"?>
<!-- Generated by org.testng.reporters.JUnitReportReporter -->
<testsuite hostname="ENE" failures="0" tests="4" name="VbizTest.SignupPageTest" time="118.371" errors="0" timestamp="2022-09-19T10:46:18 WAT" skipped="0">
  <testcase classname="VbizTest.SignupPageTest" name="Verify_SignUp_With_Registered_Company" time="22.428"/>
  <system-out/>
  <testcase classname="VbizTest.SignupPageTest" name="Verify_SignUp_With_Personal_Account" time="8.193"/>
  <system-out/>
  <testcase classname="VbizTest.SignupPageTest" name="Verify_SignUp_With_Corporate_Account" time="7.796"/>
  <system-out/>
  <testcase classname="VbizTest.SignupPageTest" name="Verify_SignUp_Without_Registered_Company" time="79.954"/>
  <system-out/>
</testsuite> <!-- VbizTest.SignupPageTest -->
