<?xml version="1.0" encoding="UTF-8"?>
<!-- Generated by org.testng.reporters.JUnitReportReporter -->
<testsuite hostname="ENE" failures="0" tests="6" name="VbizTest.Analytics_ReportPageTest" time="173.036" errors="0" timestamp="2022-09-19T10:00:23 WAT" skipped="0">
  <testcase classname="VbizTest.Analytics_ReportPageTest" name="Verify_Bulk_Payment_Transaction_Report_By_Year" time="39.590"/>
  <system-out/>
  <testcase classname="VbizTest.Analytics_ReportPageTest" name="Verify_Three_Months_Statement_In_PDF" time="25.427"/>
  <system-out/>
  <testcase classname="VbizTest.Analytics_ReportPageTest" name="Verify_One_Year_Statement_In_Excel" time="32.629"/>
  <system-out/>
  <testcase classname="VbizTest.Analytics_ReportPageTest" name="Verify_Statement_With_Customized_Date" time="13.921"/>
  <system-out/>
  <testcase classname="VbizTest.Analytics_ReportPageTest" name="Verify_Transaction_Details_Next_Previous_And_Download" time="24.076"/>
  <system-out/>
  <testcase classname="VbizTest.Analytics_ReportPageTest" name="Verify_Individual_Payment_Transaction_Report_By_Year" time="37.393"/>
  <system-out/>
</testsuite> <!-- VbizTest.Analytics_ReportPageTest -->
