<?xml version="1.0" encoding="UTF-8"?>
<!-- Generated by org.testng.reporters.JUnitReportReporter -->
<testsuite hostname="ENE" failures="0" tests="4" name="VbizTest.DashBoardPageTest" time="70.171" errors="0" timestamp="2022-09-19T10:00:23 WAT" skipped="0">
  <testcase classname="VbizTest.DashBoardPageTest" name="Verify_Recent_Transaction_View_More_Button" time="23.310"/>
  <system-out/>
  <testcase classname="VbizTest.DashBoardPageTest" name="View_Inflow_Outflow_Value_By_Month_Or_Year" time="9.826"/>
  <system-out/>
  <testcase classname="VbizTest.DashBoardPageTest" name="Verify_Make_Transfer_Button" time="20.265"/>
  <system-out/>
  <testcase classname="VbizTest.DashBoardPageTest" name="Verify_Add_Company_Button" time="16.770"/>
  <system-out/>
</testsuite> <!-- VbizTest.DashBoardPageTest -->
