<?xml version="1.0" encoding="UTF-8"?>
<!-- Generated by org.testng.reporters.JUnitReportReporter -->
<testsuite hostname="ENE" failures="0" tests="4" name="VbizTest.SignupPageTest" time="37.380" errors="0" timestamp="2022-09-15T09:23:49 WAT" skipped="0">
  <testcase classname="VbizTest.SignupPageTest" name="Verify_SignUp_With_Personal_Account" time="7.548"/>
  <system-out/>
  <testcase classname="VbizTest.SignupPageTest" name="Verify_SignUp_With_Registered_Company" time="10.068"/>
  <system-out/>
  <testcase classname="VbizTest.SignupPageTest" name="Verify_SignUp_Without_Registered_Company" time="9.489"/>
  <system-out/>
  <testcase classname="VbizTest.SignupPageTest" name="Verify_SignUp_With_Corporate_Account" time="10.275"/>
  <system-out/>
</testsuite> <!-- VbizTest.SignupPageTest -->
