<?xml version="1.0" encoding="UTF-8"?>
<!-- Generated by org.testng.reporters.JUnitReportReporter -->
<testsuite hostname="ENE" failures="0" tests="5" name="VbizTest.LoginPageTest" time="38.984" errors="0" timestamp="2022-09-19T10:06:38 WAT" skipped="0">
  <testcase classname="VbizTest.LoginPageTest" name="Verify_Login_LogOut_With_Valid_Details" time="9.981"/>
  <system-out/>
  <testcase classname="VbizTest.LoginPageTest" name="Verify_Reset_Password" time="6.170"/>
  <system-out/>
  <testcase classname="VbizTest.LoginPageTest" name="Verify_Login_With_Invalid_Details" time="9.688"/>
  <system-out/>
  <testcase classname="VbizTest.LoginPageTest" name="Verify_Login_With_Empty_Field" time="7.238"/>
  <system-out/>
  <testcase classname="VbizTest.LoginPageTest" name="Verify_SignUp_Button" time="5.907"/>
  <system-out/>
</testsuite> <!-- VbizTest.LoginPageTest -->
