<?xml version="1.0" encoding="UTF-8"?>
<!-- Generated by org.testng.reporters.JUnitReportReporter -->
<testsuite hostname="ENE" failures="0" tests="1" name="VbizTest.UserManagementsTestPage" time="33.827" errors="0" timestamp="2022-09-19T10:00:23 WAT" skipped="0">
  <testcase classname="VbizTest.UserManagementsTestPage" name="Verify_One_Year_Statement_In_Excel" time="33.827"/>
  <system-out/>
</testsuite> <!-- VbizTest.UserManagementsTestPage -->
