<?xml version="1.0" encoding="UTF-8"?>
<!-- Generated by org.testng.reporters.JUnitReportReporter -->
<testsuite hostname="ENE" failures="0" tests="4" name="VbizTest.SettingsAndSupportPageTest" time="102.246" errors="0" timestamp="2022-09-19T10:43:54 WAT" skipped="0">
  <testcase classname="VbizTest.SettingsAndSupportPageTest" name="Verify_Update_Registered_Company_Document" time="14.595"/>
  <system-out/>
  <testcase classname="VbizTest.SettingsAndSupportPageTest" name="Verify_Change_Transaction_PIN" time="15.718"/>
  <system-out/>
  <testcase classname="VbizTest.SettingsAndSupportPageTest" name="Verify_Add_Company_Btn" time="41.290"/>
  <system-out/>
  <testcase classname="VbizTest.SettingsAndSupportPageTest" name="Verify_Change_Password" time="30.643"/>
  <system-out/>
</testsuite> <!-- VbizTest.SettingsAndSupportPageTest -->
