<?xml version="1.0" encoding="UTF-8"?>
<!-- Generated by org.testng.reporters.JUnitReportReporter -->
<testsuite hostname="ENE" failures="0" tests="1" name="VbizTest.MakePaymentTest" time="35.071" errors="0" timestamp="2022-09-19T12:00:32 WAT" skipped="0">
  <testcase classname="VbizTest.MakePaymentTest" name="Verify_Other_Account_Add_Edit_And_Delete_Beneficiary" time="35.071"/>
  <system-out/>
</testsuite> <!-- VbizTest.MakePaymentTest -->
